<?xml version="1.0" encoding="UTF-8"?>
<!-- Generated by org.testng.reporters.JUnitXMLReporter -->
<testsuite ignored="0" hostname="Akanksha" failures="0" tests="1" name="ChromeTest-SwagLab" time="1.186" errors="0" timestamp="2022-05-27T23:03:36 IST">
  <testcase classname="test.VerifyTheSwagLabsApplication" name="@BeforeTest launchBrowser" time="1.144">
    <failure type="org.openqa.selenium.SessionNotCreatedException" message="session not created: This version of ChromeDriver only supports Chrome version 100
Current browser version is 102.0.5005.63 with binary path C:\Program Files\Google\Chrome\Application\chrome.exe
Build info: version: &amp;apos;3.141.59&amp;apos;, revision: &amp;apos;e82be7d358&amp;apos;, time: &amp;apos;2018-11-14T08:17:03&amp;apos;
System info: host: &amp;apos;AKANKSHA&amp;apos;, ip: &amp;apos;192.168.81.254&amp;apos;, os.name: &amp;apos;Windows 11&amp;apos;, os.arch: &amp;apos;amd64&amp;apos;, os.version: &amp;apos;10.0&amp;apos;, java.version: &amp;apos;17.0.2&amp;apos;
Driver info: driver.version: ChromeDriver
remote stacktrace: Backtrace:
	Ordinal0 [0x00F37413+2389011]
	Ordinal0 [0x00EC9F61+1941345]
	Ordinal0 [0x00DBC658+837208]
	Ordinal0 [0x00DDC773+968563]
	Ordinal0 [0x00DD837A+951162]
	Ordinal0 [0x00DD5C51+941137]
	Ordinal0 [0x00E08C80+1150080]
	Ordinal0 [0x00E088DA+1149146]
	Ordinal0 [0x00E03F66+1130342]
	Ordinal0 [0x00DDE546+976198]
	Ordinal0 [0x00DDF456+980054]
	GetHandleVerifier [0x010E9632+1727522]
	GetHandleVerifier [0x0119BA4D+2457661]
	GetHandleVerifier [0x00FCEB81+569713]
	GetHandleVerifier [0x00FCDD76+566118]
	Ordinal0 [0x00ED0B2B+1968939]
	Ordinal0 [0x00ED5988+1989000]
	Ordinal0 [0x00ED5A75+1989237]
	Ordinal0 [0x00EDECB1+2026673]
	BaseThreadInitThunk [0x76406739+25]
	RtlGetFullPathName_UEx [0x77658FEF+1215]
	RtlGetFullPathName_UEx [0x77658FBD+1165]
">
      <![CDATA[org.openqa.selenium.SessionNotCreatedException: session not created: This version of ChromeDriver only supports Chrome version 100
Current browser version is 102.0.5005.63 with binary path C:\Program Files\Google\Chrome\Application\chrome.exe
Build info: version: '3.141.59', revision: 'e82be7d358', time: '2018-11-14T08:17:03'
System info: host: 'AKANKSHA', ip: '192.168.81.254', os.name: 'Windows 11', os.arch: 'amd64', os.version: '10.0', java.version: '17.0.2'
Driver info: driver.version: ChromeDriver
remote stacktrace: Backtrace:
Ordinal0 [0x00F37413+2389011]
Ordinal0 [0x00EC9F61+1941345]
Ordinal0 [0x00DBC658+837208]
Ordinal0 [0x00DDC773+968563]
Ordinal0 [0x00DD837A+951162]
Ordinal0 [0x00DD5C51+941137]
Ordinal0 [0x00E08C80+1150080]
Ordinal0 [0x00E088DA+1149146]
Ordinal0 [0x00E03F66+1130342]
Ordinal0 [0x00DDE546+976198]
Ordinal0 [0x00DDF456+980054]
GetHandleVerifier [0x010E9632+1727522]
GetHandleVerifier [0x0119BA4D+2457661]
GetHandleVerifier [0x00FCEB81+569713]
GetHandleVerifier [0x00FCDD76+566118]
Ordinal0 [0x00ED0B2B+1968939]
Ordinal0 [0x00ED5988+1989000]
Ordinal0 [0x00ED5A75+1989237]
Ordinal0 [0x00EDECB1+2026673]
BaseThreadInitThunk [0x76406739+25]
RtlGetFullPathName_UEx [0x77658FEF+1215]
RtlGetFullPathName_UEx [0x77658FBD+1165]

at org.openqa.selenium.remote.W3CHandshakeResponse.lambda$errorHandler$0(W3CHandshakeResponse.java:62)
at org.openqa.selenium.remote.HandshakeResponse.lambda$getResponseFunction$0(HandshakeResponse.java:30)
at org.openqa.selenium.remote.ProtocolHandshake.lambda$createSession$0(ProtocolHandshake.java:126)
at java.base/java.util.stream.ReferencePipeline$3$1.accept(ReferencePipeline.java:197)
at java.base/java.util.Spliterators$ArraySpliterator.tryAdvance(Spliterators.java:1002)
at java.base/java.util.stream.ReferencePipeline.forEachWithCancel(ReferencePipeline.java:129)
at java.base/java.util.stream.AbstractPipeline.copyIntoWithCancel(AbstractPipeline.java:527)
at java.base/java.util.stream.AbstractPipeline.copyInto(AbstractPipeline.java:513)
at java.base/java.util.stream.AbstractPipeline.wrapAndCopyInto(AbstractPipeline.java:499)
at java.base/java.util.stream.FindOps$FindOp.evaluateSequential(FindOps.java:150)
at java.base/java.util.stream.AbstractPipeline.evaluate(AbstractPipeline.java:234)
at java.base/java.util.stream.ReferencePipeline.findFirst(ReferencePipeline.java:647)
at org.openqa.selenium.remote.ProtocolHandshake.createSession(ProtocolHandshake.java:128)
at org.openqa.selenium.remote.ProtocolHandshake.createSession(ProtocolHandshake.java:74)
at org.openqa.selenium.remote.HttpCommandExecutor.execute(HttpCommandExecutor.java:136)
at org.openqa.selenium.remote.service.DriverCommandExecutor.execute(DriverCommandExecutor.java:83)
at org.openqa.selenium.remote.RemoteWebDriver.execute(RemoteWebDriver.java:552)
at org.openqa.selenium.remote.RemoteWebDriver.startSession(RemoteWebDriver.java:213)
at org.openqa.selenium.remote.RemoteWebDriver.<init>(RemoteWebDriver.java:131)
at org.openqa.selenium.chrome.ChromeDriver.<init>(ChromeDriver.java:181)
at org.openqa.selenium.chrome.ChromeDriver.<init>(ChromeDriver.java:168)
at org.openqa.selenium.chrome.ChromeDriver.<init>(ChromeDriver.java:123)
at browserSetting.Pojo.openChromeBrowser(Pojo.java:10)
at test.VerifyTheSwagLabsApplication.launchBrowser(VerifyTheSwagLabsApplication.java:38)
... Removed 29 stack frames]]>
    </failure>
  </testcase> <!-- @BeforeTest launchBrowser -->
  <testcase classname="test.VerifyTheSwagLabsApplication" name="@BeforeClass launchBrowser" time="-1.653672816366E9">
    <skipped/>
  </testcase> <!-- @BeforeClass launchBrowser -->
  <testcase classname="test.VerifyTheSwagLabsApplication" name="@BeforeMethod loginToApplication" time="-1.653672816373E9">
    <skipped/>
  </testcase> <!-- @BeforeMethod loginToApplication -->
  <testcase classname="test.VerifyTheSwagLabsApplication" name="@AfterMethod logOutFromApplication" time="-1.65367281638E9">
    <skipped/>
  </testcase> <!-- @AfterMethod logOutFromApplication -->
  <testcase classname="test.VerifyTheSwagLabsApplication" name="@AfterClass clearPOMObject" time="-1.653672816382E9">
    <skipped/>
  </testcase> <!-- @AfterClass clearPOMObject -->
  <testcase classname="test.VerifyTheSwagLabsApplication" name="@AfterTest closeBrowser" time="-1.653672816384E9">
    <skipped/>
  </testcase> <!-- @AfterTest closeBrowser -->
  <testcase classname="test.VerifyTheSwagLabsApplication" name="verifyAddToCartTab" time="0.0">
    <skipped/>
  </testcase> <!-- verifyAddToCartTab -->
</testsuite> <!-- ChromeTest-SwagLab -->
